{"total": {"lines":{"total":1675,"covered":1471,"skipped":0,"pct":87.82},"statements":{"total":1675,"covered":1471,"skipped":0,"pct":87.82},"functions":{"total":96,"covered":72,"skipped":0,"pct":75},"branches":{"total":303,"covered":244,"skipped":0,"pct":80.52},"branchesTrue":{"total":0,"covered":0,"skipped":0,"pct":100}}
,"/Users/tanhernandez/Documents/javeriana/diseño_patrones/gestion-eventos-javeriana/frontend/src/app/App.tsx": {"lines":{"total":25,"covered":0,"skipped":0,"pct":0},"functions":{"total":1,"covered":0,"skipped":0,"pct":0},"statements":{"total":25,"covered":0,"skipped":0,"pct":0},"branches":{"total":1,"covered":0,"skipped":0,"pct":0}}
,"/Users/tanhernandez/Documents/javeriana/diseño_patrones/gestion-eventos-javeriana/frontend/src/app/AppShell.tsx": {"lines":{"total":48,"covered":0,"skipped":0,"pct":0},"functions":{"total":1,"covered":0,"skipped":0,"pct":0},"statements":{"total":48,"covered":0,"skipped":0,"pct":0},"branches":{"total":1,"covered":0,"skipped":0,"pct":0}}
,"/Users/tanhernandez/Documents/javeriana/diseño_patrones/gestion-eventos-javeriana/frontend/src/app/RequireAuth.tsx": {"lines":{"total":13,"covered":0,"skipped":0,"pct":0},"functions":{"total":1,"covered":0,"skipped":0,"pct":0},"statements":{"total":13,"covered":0,"skipped":0,"pct":0},"branches":{"total":1,"covered":0,"skipped":0,"pct":0}}
,"/Users/tanhernandez/Documents/javeriana/diseño_patrones/gestion-eventos-javeriana/frontend/src/components/ErrorBoundary.tsx": {"lines":{"total":37,"covered":19,"skipped":0,"pct":51.35},"functions":{"total":4,"covered":0,"skipped":0,"pct":0},"statements":{"total":37,"covered":19,"skipped":0,"pct":51.35},"branches":{"total":0,"covered":0,"skipped":0,"pct":100}}
,"/Users/tanhernandez/Documents/javeriana/diseño_patrones/gestion-eventos-javeriana/frontend/src/components/index.ts": {"lines":{"total":2,"covered":2,"skipped":0,"pct":100},"functions":{"total":0,"covered":0,"skipped":0,"pct":100},"statements":{"total":2,"covered":2,"skipped":0,"pct":100},"branches":{"total":0,"covered":0,"skipped":0,"pct":100}}
,"/Users/tanhernandez/Documents/javeriana/diseño_patrones/gestion-eventos-javeriana/frontend/src/components/degradation/ContextualError.tsx": {"lines":{"total":47,"covered":42,"skipped":0,"pct":89.36},"functions":{"total":1,"covered":1,"skipped":0,"pct":100},"statements":{"total":47,"covered":42,"skipped":0,"pct":89.36},"branches":{"total":10,"covered":6,"skipped":0,"pct":60}}
,"/Users/tanhernandez/Documents/javeriana/diseño_patrones/gestion-eventos-javeriana/frontend/src/components/degradation/DegradedServiceBanner.tsx": {"lines":{"total":20,"covered":20,"skipped":0,"pct":100},"functions":{"total":1,"covered":1,"skipped":0,"pct":100},"statements":{"total":20,"covered":20,"skipped":0,"pct":100},"branches":{"total":4,"covered":4,"skipped":0,"pct":100}}
,"/Users/tanhernandez/Documents/javeriana/diseño_patrones/gestion-eventos-javeriana/frontend/src/components/degradation/NetworkOfflineBanner.tsx": {"lines":{"total":14,"covered":3,"skipped":0,"pct":21.42},"functions":{"total":1,"covered":0,"skipped":0,"pct":0},"statements":{"total":14,"covered":3,"skipped":0,"pct":21.42},"branches":{"total":0,"covered":0,"skipped":0,"pct":100}}
,"/Users/tanhernandez/Documents/javeriana/diseño_patrones/gestion-eventos-javeriana/frontend/src/components/degradation/RetryAfterCountdown.tsx": {"lines":{"total":33,"covered":32,"skipped":0,"pct":96.96},"functions":{"total":2,"covered":2,"skipped":0,"pct":100},"statements":{"total":33,"covered":32,"skipped":0,"pct":96.96},"branches":{"total":15,"covered":15,"skipped":0,"pct":100}}
,"/Users/tanhernandez/Documents/javeriana/diseño_patrones/gestion-eventos-javeriana/frontend/src/components/degradation/index.ts": {"lines":{"total":4,"covered":4,"skipped":0,"pct":100},"functions":{"total":0,"covered":0,"skipped":0,"pct":100},"statements":{"total":4,"covered":4,"skipped":0,"pct":100},"branches":{"total":0,"covered":0,"skipped":0,"pct":100}}
,"/Users/tanhernandez/Documents/javeriana/diseño_patrones/gestion-eventos-javeriana/frontend/src/features/auth/AuthContext.tsx": {"lines":{"total":80,"covered":70,"skipped":0,"pct":87.5},"functions":{"total":3,"covered":3,"skipped":0,"pct":100},"statements":{"total":80,"covered":70,"skipped":0,"pct":87.5},"branches":{"total":20,"covered":17,"skipped":0,"pct":85}}
,"/Users/tanhernandez/Documents/javeriana/diseño_patrones/gestion-eventos-javeriana/frontend/src/features/auth/LoginPage.tsx": {"lines":{"total":124,"covered":119,"skipped":0,"pct":95.96},"functions":{"total":6,"covered":4,"skipped":0,"pct":66.66},"statements":{"total":124,"covered":119,"skipped":0,"pct":95.96},"branches":{"total":17,"covered":15,"skipped":0,"pct":88.23}}
,"/Users/tanhernandez/Documents/javeriana/diseño_patrones/gestion-eventos-javeriana/frontend/src/features/auth/index.ts": {"lines":{"total":3,"covered":0,"skipped":0,"pct":0},"functions":{"total":1,"covered":0,"skipped":0,"pct":0},"statements":{"total":3,"covered":0,"skipped":0,"pct":0},"branches":{"total":1,"covered":0,"skipped":0,"pct":0}}
,"/Users/tanhernandez/Documents/javeriana/diseño_patrones/gestion-eventos-javeriana/frontend/src/features/auth/jwt-utils.ts": {"lines":{"total":58,"covered":51,"skipped":0,"pct":87.93},"functions":{"total":6,"covered":6,"skipped":0,"pct":100},"statements":{"total":58,"covered":51,"skipped":0,"pct":87.93},"branches":{"total":16,"covered":9,"skipped":0,"pct":56.25}}
,"/Users/tanhernandez/Documents/javeriana/diseño_patrones/gestion-eventos-javeriana/frontend/src/features/catalog/CatalogPage.tsx": {"lines":{"total":137,"covered":136,"skipped":0,"pct":99.27},"functions":{"total":6,"covered":2,"skipped":0,"pct":33.33},"statements":{"total":137,"covered":136,"skipped":0,"pct":99.27},"branches":{"total":23,"covered":22,"skipped":0,"pct":95.65}}
,"/Users/tanhernandez/Documents/javeriana/diseño_patrones/gestion-eventos-javeriana/frontend/src/features/catalog/index.ts": {"lines":{"total":1,"covered":0,"skipped":0,"pct":0},"functions":{"total":1,"covered":0,"skipped":0,"pct":0},"statements":{"total":1,"covered":0,"skipped":0,"pct":0},"branches":{"total":1,"covered":0,"skipped":0,"pct":0}}
,"/Users/tanhernandez/Documents/javeriana/diseño_patrones/gestion-eventos-javeriana/frontend/src/features/checkout/ConfirmationPage.tsx": {"lines":{"total":27,"covered":27,"skipped":0,"pct":100},"functions":{"total":1,"covered":1,"skipped":0,"pct":100},"statements":{"total":27,"covered":27,"skipped":0,"pct":100},"branches":{"total":3,"covered":3,"skipped":0,"pct":100}}
,"/Users/tanhernandez/Documents/javeriana/diseño_patrones/gestion-eventos-javeriana/frontend/src/features/checkout/PaymentPage.tsx": {"lines":{"total":78,"covered":78,"skipped":0,"pct":100},"functions":{"total":3,"covered":2,"skipped":0,"pct":66.66},"statements":{"total":78,"covered":78,"skipped":0,"pct":100},"branches":{"total":9,"covered":8,"skipped":0,"pct":88.88}}
,"/Users/tanhernandez/Documents/javeriana/diseño_patrones/gestion-eventos-javeriana/frontend/src/features/checkout/index.ts": {"lines":{"total":2,"covered":0,"skipped":0,"pct":0},"functions":{"total":1,"covered":0,"skipped":0,"pct":0},"statements":{"total":2,"covered":0,"skipped":0,"pct":0},"branches":{"total":1,"covered":0,"skipped":0,"pct":0}}
,"/Users/tanhernandez/Documents/javeriana/diseño_patrones/gestion-eventos-javeriana/frontend/src/features/checkout/storage.ts": {"lines":{"total":19,"covered":17,"skipped":0,"pct":89.47},"functions":{"total":2,"covered":2,"skipped":0,"pct":100},"statements":{"total":19,"covered":17,"skipped":0,"pct":89.47},"branches":{"total":7,"covered":5,"skipped":0,"pct":71.42}}
,"/Users/tanhernandez/Documents/javeriana/diseño_patrones/gestion-eventos-javeriana/frontend/src/features/events/EventDetailPage.tsx": {"lines":{"total":171,"covered":163,"skipped":0,"pct":95.32},"functions":{"total":5,"covered":2,"skipped":0,"pct":40},"statements":{"total":171,"covered":163,"skipped":0,"pct":95.32},"branches":{"total":35,"covered":26,"skipped":0,"pct":74.28}}
,"/Users/tanhernandez/Documents/javeriana/diseño_patrones/gestion-eventos-javeriana/frontend/src/features/events/index.ts": {"lines":{"total":1,"covered":0,"skipped":0,"pct":0},"functions":{"total":1,"covered":0,"skipped":0,"pct":0},"statements":{"total":1,"covered":0,"skipped":0,"pct":0},"branches":{"total":1,"covered":0,"skipped":0,"pct":0}}
,"/Users/tanhernandez/Documents/javeriana/diseño_patrones/gestion-eventos-javeriana/frontend/src/hooks/index.ts": {"lines":{"total":2,"covered":2,"skipped":0,"pct":100},"functions":{"total":0,"covered":0,"skipped":0,"pct":100},"statements":{"total":2,"covered":2,"skipped":0,"pct":100},"branches":{"total":0,"covered":0,"skipped":0,"pct":100}}
,"/Users/tanhernandez/Documents/javeriana/diseño_patrones/gestion-eventos-javeriana/frontend/src/hooks/useNetworkStatus.ts": {"lines":{"total":19,"covered":3,"skipped":0,"pct":15.78},"functions":{"total":1,"covered":0,"skipped":0,"pct":0},"statements":{"total":19,"covered":3,"skipped":0,"pct":15.78},"branches":{"total":0,"covered":0,"skipped":0,"pct":100}}
,"/Users/tanhernandez/Documents/javeriana/diseño_patrones/gestion-eventos-javeriana/frontend/src/hooks/useServiceHealth.ts": {"lines":{"total":18,"covered":18,"skipped":0,"pct":100},"functions":{"total":1,"covered":1,"skipped":0,"pct":100},"statements":{"total":18,"covered":18,"skipped":0,"pct":100},"branches":{"total":3,"covered":2,"skipped":0,"pct":66.66}}
,"/Users/tanhernandez/Documents/javeriana/diseño_patrones/gestion-eventos-javeriana/frontend/src/lib/api/axios-error-interceptor.ts": {"lines":{"total":22,"covered":22,"skipped":0,"pct":100},"functions":{"total":1,"covered":1,"skipped":0,"pct":100},"statements":{"total":22,"covered":22,"skipped":0,"pct":100},"branches":{"total":5,"covered":4,"skipped":0,"pct":80}}
,"/Users/tanhernandez/Documents/javeriana/diseño_patrones/gestion-eventos-javeriana/frontend/src/lib/api/index.ts": {"lines":{"total":1,"covered":1,"skipped":0,"pct":100},"functions":{"total":0,"covered":0,"skipped":0,"pct":100},"statements":{"total":1,"covered":1,"skipped":0,"pct":100},"branches":{"total":0,"covered":0,"skipped":0,"pct":100}}
,"/Users/tanhernandez/Documents/javeriana/diseño_patrones/gestion-eventos-javeriana/frontend/src/lib/errors/AppError.ts": {"lines":{"total":81,"covered":78,"skipped":0,"pct":96.29},"functions":{"total":9,"covered":9,"skipped":0,"pct":100},"statements":{"total":81,"covered":78,"skipped":0,"pct":96.29},"branches":{"total":15,"covered":14,"skipped":0,"pct":93.33}}
,"/Users/tanhernandez/Documents/javeriana/diseño_patrones/gestion-eventos-javeriana/frontend/src/lib/errors/index.ts": {"lines":{"total":2,"covered":2,"skipped":0,"pct":100},"functions":{"total":0,"covered":0,"skipped":0,"pct":100},"statements":{"total":2,"covered":2,"skipped":0,"pct":100},"branches":{"total":0,"covered":0,"skipped":0,"pct":100}}
,"/Users/tanhernandez/Documents/javeriana/diseño_patrones/gestion-eventos-javeriana/frontend/src/lib/errors/parseHttpError.ts": {"lines":{"total":80,"covered":80,"skipped":0,"pct":100},"functions":{"total":4,"covered":4,"skipped":0,"pct":100},"statements":{"total":80,"covered":80,"skipped":0,"pct":100},"branches":{"total":35,"covered":29,"skipped":0,"pct":82.85}}
,"/Users/tanhernandez/Documents/javeriana/diseño_patrones/gestion-eventos-javeriana/frontend/src/lib/retry/index.ts": {"lines":{"total":1,"covered":1,"skipped":0,"pct":100},"functions":{"total":0,"covered":0,"skipped":0,"pct":100},"statements":{"total":1,"covered":1,"skipped":0,"pct":100},"branches":{"total":0,"covered":0,"skipped":0,"pct":100}}
,"/Users/tanhernandez/Documents/javeriana/diseño_patrones/gestion-eventos-javeriana/frontend/src/lib/retry/withRetry.ts": {"lines":{"total":47,"covered":47,"skipped":0,"pct":100},"functions":{"total":4,"covered":4,"skipped":0,"pct":100},"statements":{"total":47,"covered":47,"skipped":0,"pct":100},"branches":{"total":15,"covered":15,"skipped":0,"pct":100}}
,"/Users/tanhernandez/Documents/javeriana/diseño_patrones/gestion-eventos-javeriana/frontend/src/lib/serviceHealth/index.ts": {"lines":{"total":1,"covered":1,"skipped":0,"pct":100},"functions":{"total":0,"covered":0,"skipped":0,"pct":100},"statements":{"total":1,"covered":1,"skipped":0,"pct":100},"branches":{"total":0,"covered":0,"skipped":0,"pct":100}}
,"/Users/tanhernandez/Documents/javeriana/diseño_patrones/gestion-eventos-javeriana/frontend/src/lib/serviceHealth/serviceHealthStore.ts": {"lines":{"total":57,"covered":56,"skipped":0,"pct":98.24},"functions":{"total":6,"covered":6,"skipped":0,"pct":100},"statements":{"total":57,"covered":56,"skipped":0,"pct":98.24},"branches":{"total":14,"covered":13,"skipped":0,"pct":92.85}}
,"/Users/tanhernandez/Documents/javeriana/diseño_patrones/gestion-eventos-javeriana/frontend/src/services/authService.ts": {"lines":{"total":85,"covered":85,"skipped":0,"pct":100},"functions":{"total":3,"covered":3,"skipped":0,"pct":100},"statements":{"total":85,"covered":85,"skipped":0,"pct":100},"branches":{"total":9,"covered":4,"skipped":0,"pct":44.44}}
,"/Users/tanhernandez/Documents/javeriana/diseño_patrones/gestion-eventos-javeriana/frontend/src/services/eventService.ts": {"lines":{"total":40,"covered":40,"skipped":0,"pct":100},"functions":{"total":3,"covered":3,"skipped":0,"pct":100},"statements":{"total":40,"covered":40,"skipped":0,"pct":100},"branches":{"total":6,"covered":6,"skipped":0,"pct":100}}
,"/Users/tanhernandez/Documents/javeriana/diseño_patrones/gestion-eventos-javeriana/frontend/src/services/inscriptionService.ts": {"lines":{"total":19,"covered":19,"skipped":0,"pct":100},"functions":{"total":1,"covered":1,"skipped":0,"pct":100},"statements":{"total":19,"covered":19,"skipped":0,"pct":100},"branches":{"total":3,"covered":3,"skipped":0,"pct":100}}
,"/Users/tanhernandez/Documents/javeriana/diseño_patrones/gestion-eventos-javeriana/frontend/src/services/paymentService.ts": {"lines":{"total":34,"covered":34,"skipped":0,"pct":100},"functions":{"total":1,"covered":1,"skipped":0,"pct":100},"statements":{"total":34,"covered":34,"skipped":0,"pct":100},"branches":{"total":3,"covered":3,"skipped":0,"pct":100}}
,"/Users/tanhernandez/Documents/javeriana/diseño_patrones/gestion-eventos-javeriana/frontend/src/shared/api/http.ts": {"lines":{"total":83,"covered":60,"skipped":0,"pct":72.28},"functions":{"total":5,"covered":4,"skipped":0,"pct":80},"statements":{"total":83,"covered":60,"skipped":0,"pct":72.28},"branches":{"total":12,"covered":10,"skipped":0,"pct":83.33}}
,"/Users/tanhernandez/Documents/javeriana/diseño_patrones/gestion-eventos-javeriana/frontend/src/shared/api/index.ts": {"lines":{"total":1,"covered":1,"skipped":0,"pct":100},"functions":{"total":0,"covered":0,"skipped":0,"pct":100},"statements":{"total":1,"covered":1,"skipped":0,"pct":100},"branches":{"total":0,"covered":0,"skipped":0,"pct":100}}
,"/Users/tanhernandez/Documents/javeriana/diseño_patrones/gestion-eventos-javeriana/frontend/src/shared/config/env.ts": {"lines":{"total":12,"covered":12,"skipped":0,"pct":100},"functions":{"total":0,"covered":0,"skipped":0,"pct":100},"statements":{"total":12,"covered":12,"skipped":0,"pct":100},"branches":{"total":0,"covered":0,"skipped":0,"pct":100}}
,"/Users/tanhernandez/Documents/javeriana/diseño_patrones/gestion-eventos-javeriana/frontend/src/shared/lib/crypto.ts": {"lines":{"total":17,"covered":17,"skipped":0,"pct":100},"functions":{"total":2,"covered":2,"skipped":0,"pct":100},"statements":{"total":17,"covered":17,"skipped":0,"pct":100},"branches":{"total":3,"covered":3,"skipped":0,"pct":100}}
,"/Users/tanhernandez/Documents/javeriana/diseño_patrones/gestion-eventos-javeriana/frontend/src/shared/lib/format.ts": {"lines":{"total":31,"covered":31,"skipped":0,"pct":100},"functions":{"total":3,"covered":3,"skipped":0,"pct":100},"statements":{"total":31,"covered":31,"skipped":0,"pct":100},"branches":{"total":7,"covered":3,"skipped":0,"pct":42.85}}
,"/Users/tanhernandez/Documents/javeriana/diseño_patrones/gestion-eventos-javeriana/frontend/src/shared/lib/index.ts": {"lines":{"total":3,"covered":3,"skipped":0,"pct":100},"functions":{"total":0,"covered":0,"skipped":0,"pct":100},"statements":{"total":3,"covered":3,"skipped":0,"pct":100},"branches":{"total":0,"covered":0,"skipped":0,"pct":100}}
,"/Users/tanhernandez/Documents/javeriana/diseño_patrones/gestion-eventos-javeriana/frontend/src/shared/lib/sanitize.ts": {"lines":{"total":4,"covered":4,"skipped":0,"pct":100},"functions":{"total":1,"covered":1,"skipped":0,"pct":100},"statements":{"total":4,"covered":4,"skipped":0,"pct":100},"branches":{"total":2,"covered":1,"skipped":0,"pct":50}}
,"/Users/tanhernandez/Documents/javeriana/diseño_patrones/gestion-eventos-javeriana/frontend/src/shared/ui/Icon.tsx": {"lines":{"total":33,"covered":33,"skipped":0,"pct":100},"functions":{"total":1,"covered":1,"skipped":0,"pct":100},"statements":{"total":33,"covered":33,"skipped":0,"pct":100},"branches":{"total":1,"covered":1,"skipped":0,"pct":100}}
,"/Users/tanhernandez/Documents/javeriana/diseño_patrones/gestion-eventos-javeriana/frontend/src/shared/ui/Skeleton.tsx": {"lines":{"total":18,"covered":18,"skipped":0,"pct":100},"functions":{"total":1,"covered":1,"skipped":0,"pct":100},"statements":{"total":18,"covered":18,"skipped":0,"pct":100},"branches":{"total":2,"covered":2,"skipped":0,"pct":100}}
,"/Users/tanhernandez/Documents/javeriana/diseño_patrones/gestion-eventos-javeriana/frontend/src/shared/ui/StatusBadge.tsx": {"lines":{"total":17,"covered":17,"skipped":0,"pct":100},"functions":{"total":1,"covered":1,"skipped":0,"pct":100},"statements":{"total":17,"covered":17,"skipped":0,"pct":100},"branches":{"total":2,"covered":1,"skipped":0,"pct":50}}
,"/Users/tanhernandez/Documents/javeriana/diseño_patrones/gestion-eventos-javeriana/frontend/src/shared/ui/index.ts": {"lines":{"total":3,"covered":3,"skipped":0,"pct":100},"functions":{"total":0,"covered":0,"skipped":0,"pct":100},"statements":{"total":3,"covered":3,"skipped":0,"pct":100},"branches":{"total":0,"covered":0,"skipped":0,"pct":100}}
}
